<?xml version="1.0" encoding="UTF-8"?>
<!-- Generated by org.testng.reporters.JUnitXMLReporter -->
<testsuite hostname="LAPTOP-6T1UKP4L" ignored="0" name="Default test" tests="4" failures="0" timestamp="14 Apr 2021 09:17:27 GMT" time="0.038" errors="0">
  <testcase name="demo1" time="0.009" classname="april14.DemoClass"/>
  <testcase name="demo2" time="0.002" classname="april14.DemoClass"/>
  <testcase name="demo3" time="0.002" classname="april14.DemoClass"/>
  <testcase name="demo" time="0.002" classname="april14.DemoClass"/>
</testsuite> <!-- Default test -->
