<?xml version="1.0" encoding="UTF-8"?>
<!-- Generated by org.testng.reporters.JUnitXMLReporter -->
<testsuite hostname="LAPTOP-6T1UKP4L" ignored="0" name="Test1" tests="9" failures="0" timestamp="14 Apr 2021 10:07:20 GMT" time="0.057" errors="0">
  <testcase name="demo1" time="0.008" classname="april14.DemoClass"/>
  <testcase name="demo2" time="0.003" classname="april14.DemoClass"/>
  <testcase name="demo3" time="0.001" classname="april14.DemoClass"/>
  <testcase name="demo11" time="0.002" classname="april14.DemoClass2"/>
  <testcase name="demo12" time="0.001" classname="april14.DemoClass2"/>
  <testcase name="demo13" time="0.002" classname="april14.DemoClass2"/>
  <testcase name="demo14" time="0.003" classname="april14.DemoClass2"/>
  <testcase name="demo15" time="0.001" classname="april14.DemoClass2"/>
  <testcase name="demo" time="0.001" classname="april14.DemoClass"/>
</testsuite> <!-- Test1 -->
